This is pdfTeX, Version 3.1415926-2.3-1.40.12 (TeX Live 2011) (format=latex 2012.10.19)  14 JAN 2013 14:27
entering extended mode
 restricted \write18 enabled.
 %&-line parsing enabled.
**acronym.dtx
(./acronym.dtx
LaTeX2e <2009/09/24>
Babel <v3.8l> and hyphenation patterns for english, dumylang, nohyphenation, ge
rman-x-2009-06-19, ngerman-x-2009-06-19, afrikaans, ancientgreek, ibycus, arabi
c, armenian, basque, bulgarian, catalan, pinyin, coptic, croatian, czech, danis
h, dutch, ukenglish, usenglishmax, esperanto, estonian, ethiopic, farsi, finnis
h, french, galician, german, ngerman, swissgerman, monogreek, greek, hungarian,
 icelandic, assamese, bengali, gujarati, hindi, kannada, malayalam, marathi, or
iya, panjabi, tamil, telugu, indonesian, interlingua, irish, italian, kurmanji,
 lao, latin, latvian, lithuanian, mongolian, mongolianlmc, bokmal, nynorsk, pol
ish, portuguese, romanian, russian, sanskrit, serbian, serbianc, slovak, sloven
ian, spanish, swedish, turkish, turkmen, ukrainian, uppersorbian, welsh, loaded
.
(/usr/share/texmf/tex/latex/base/ltxdoc.cls
Document Class: ltxdoc 2007/11/11 v2.0u Standard LaTeX documentation class
(/usr/share/texmf/tex/latex/base/article.cls
Document Class: article 2007/10/19 v1.4h Standard LaTeX document class
(/usr/share/texmf/tex/latex/base/size10.clo
File: size10.clo 2007/10/19 v1.4h Standard LaTeX file (size option)
)
\c@part=\count79
\c@section=\count80
\c@subsection=\count81
\c@subsubsection=\count82
\c@paragraph=\count83
\c@subparagraph=\count84
\c@figure=\count85
\c@table=\count86
\abovecaptionskip=\skip41
\belowcaptionskip=\skip42
\bibindent=\dimen102
)
(/usr/share/texmf/tex/latex/base/doc.sty
Package: doc 2006/02/02 v2.1d Standard LaTeX documentation package (FMi)
\c@StandardModuleDepth=\count87
\guard@level=\count88
\MacrocodeTopsep=\skip43
\MacroIndent=\dimen103
\macro@cnt=\count89
\MacroTopsep=\skip44
\index@excludelist=\toks14

(/usr/share/texmf/tex/latex/tools/multicol.sty
Package: multicol 2008/12/05 v1.6h multicolumn formatting (FMi)
\c@tracingmulticols=\count90
\mult@box=\box26
\multicol@leftmargin=\dimen104
\c@unbalance=\count91
\c@collectmore=\count92
\doublecol@number=\count93
\multicoltolerance=\count94
\multicolpretolerance=\count95
\full@width=\dimen105
\page@free=\dimen106
\premulticols=\dimen107
\postmulticols=\dimen108
\multicolsep=\skip45
\multicolbaselineskip=\skip46
\partial@page=\box27
\last@line=\box28
\mult@rightbox=\box29
\mult@grightbox=\box30
\mult@gfirstbox=\box31
\mult@firstbox=\box32
\@tempa=\box33
\@tempa=\box34
\@tempa=\box35
\@tempa=\box36
\@tempa=\box37
\@tempa=\box38
\@tempa=\box39
\@tempa=\box40
\@tempa=\box41
\@tempa=\box42
\@tempa=\box43
\@tempa=\box44
\@tempa=\box45
\@tempa=\box46
\@tempa=\box47
\@tempa=\box48
\@tempa=\box49
\c@columnbadness=\count96
\c@finalcolumnbadness=\count97
\last@try=\dimen109
\multicolovershoot=\dimen110
\multicolundershoot=\dimen111
\mult@nat@firstbox=\box50
\colbreak@box=\box51
)
\IndexMin=\dimen112
\c@IndexColumns=\count98
\GlossaryMin=\dimen113
\c@GlossaryColumns=\count99
\check@sum=\count100
\bslash@cnt=\count101
\wrong@table=\toks15
\c@CodelineNo=\count102
)) (./acronym.sty
Package: acronym 2009/10/20 v1.35 Support for acronyms (Tobias Oetiker)

(/usr/share/texmf/tex/latex/bigfoot/suffix.sty
Package: suffix 2006/07/15 1.5 Variant command support
)
\AC@clearlist=\toks16
)
\@indexfile=\write3
\openout3 = `acronym.idx'.


Writing index file acronym.idx
\@glossaryfile=\write4
\openout4 = `acronym.glo'.

Writing glossary file acronym.glo 
No file acronym.aux.
\openout1 = `acronym.aux'.

LaTeX Font Info:    Checking defaults for OML/cmm/m/it on input line 32.
LaTeX Font Info:    ... okay on input line 32.
LaTeX Font Info:    Checking defaults for T1/cmr/m/n on input line 32.
LaTeX Font Info:    ... okay on input line 32.
LaTeX Font Info:    Checking defaults for OT1/cmr/m/n on input line 32.
LaTeX Font Info:    ... okay on input line 32.
LaTeX Font Info:    Checking defaults for OMS/cmsy/m/n on input line 32.
LaTeX Font Info:    ... okay on input line 32.
LaTeX Font Info:    Checking defaults for OMX/cmex/m/n on input line 32.
LaTeX Font Info:    ... okay on input line 32.
LaTeX Font Info:    Checking defaults for U/cmr/m/n on input line 32.
LaTeX Font Info:    ... okay on input line 32.
Package doc Info: Made | a short reference for \verb on input line 32.
(./acronym.dtx
***************************
* Character table correct *
***************************
LaTeX Font Info:    External font `cmex10' loaded for size
(Font)              <17.28> on input line 155.
LaTeX Font Info:    External font `cmex10' loaded for size
(Font)              <12> on input line 155.
LaTeX Font Info:    External font `cmex10' loaded for size
(Font)              <8> on input line 155.
LaTeX Font Info:    External font `cmex10' loaded for size
(Font)              <6> on input line 155.
LaTeX Font Info:    External font `cmex10' loaded for size
(Font)              <5> on input line 155.
LaTeX Font Info:    External font `cmex10' loaded for size
(Font)              <7> on input line 177.
[1

] [2]
Overfull \hbox (20.49722pt too wide) in paragraph at lines 331--335
[]     \OT1/cmtt/m/n/10 {Number of Avogadro\acroextra{ (See \S\protect\ref{A1})
}} 
 []

[3]

LaTeX Warning: Marginpar on page 4 moved.


LaTeX Warning: Marginpar on page 4 moved.


LaTeX Warning: Marginpar on page 4 moved.


Underfull \hbox (badness 10000) in paragraph at lines 426--432

 []

[4]
LaTeX Font Info:    Try loading font information for OMS+cmr on input line 450.

 (/usr/share/texmf/tex/latex/base/omscmr.fd
File: omscmr.fd 1999/05/25 v2.5h Standard LaTeX font definitions
)
LaTeX Font Info:    Font shape `OMS/cmr/m/n' in size <10> not available
(Font)              Font shape `OMS/cmsy/m/n' tried instead on input line 450.

Overfull \hbox (39.4972pt too wide) in paragraph at lines 481--483
[][]\OT1/cmtt/m/n/10 \chapter[The water \texorpdfstring{$\mathrm{H_2O}$}{H2O}) 
...] 
 []

[5]
LaTeX Font Info:    External font `cmex10' loaded for size
(Font)              <9> on input line 556.
 [6

] [7] [8

] [9]
Overfull \hbox (22.80336pt too wide) in paragraph at lines 742--746
\OT1/cmr/m/n/10 The \OT1/cmtt/m/n/10 hyperref \OT1/cmr/m/n/10 pack-age de-fines
 \OT1/cmtt/m/n/10 \pdfstringdefDisableCommands \OT1/cmr/m/n/10 and \OT1/cmtt/m/
n/10 \texorpdfstring
 []

[10] [11] [12] [13] [14] [15] [16] [17] [18] [19]
Overfull \hbox (43.11221pt too wide) in paragraph at lines 1513--1513
 [][]  \OT1/cmtt/m/n/9 {\itshape \AC@acl{#1} \nolinebreak[3]} (\ifAC@starred\ac
s*{#1}\else\acs{#1}\fi)} 
 []

[20]
*******************
* Checksum passed *
*******************
) [21] (./acronym.aux) ) 
Here is how much of TeX's memory you used:
 786 strings out of 493634
 9503 string characters out of 3150861
 65983 words of memory out of 3500000
 4128 multiletter control sequences out of 15000+200000
 12084 words of font info for 43 fonts, out of 3000000 for 9000
 831 hyphenation exceptions out of 8191
 30i,6n,21p,289b,448s stack positions out of 5000i,500n,10000p,200000b,50000s

Output written on acronym.dvi (21 pages, 52924 bytes).
